TN:
SF:src/config/cloudinary.js
FNF:0
FNH:0
DA:3,3
DA:4,3
DA:10,0
DA:11,0
LF:4
LH:2
BRF:0
BRH:0
end_of_record
TN:
SF:src/controllers/profile.js
FN:7,getProfile
FN:58,(anonymous_1)
FN:101,checkUsername
FN:131,updateProfile
FN:220,(anonymous_4)
FN:230,(anonymous_5)
FN:263,(anonymous_6)
FN:272,(anonymous_7)
FN:324,getLikedImages
FN:339,(anonymous_9)
FN:350,getCollections
FN:365,(anonymous_11)
FNF:12
FNH:3
FNDA:1,getProfile
FNDA:1,(anonymous_1)
FNDA:0,checkUsername
FNDA:12,updateProfile
FNDA:0,(anonymous_4)
FNDA:0,(anonymous_5)
FNDA:0,(anonymous_6)
FNDA:0,(anonymous_7)
FNDA:0,getLikedImages
FNDA:0,(anonymous_9)
FNDA:0,getCollections
FNDA:0,(anonymous_11)
DA:5,3
DA:8,1
DA:9,1
DA:10,1
DA:12,1
DA:13,0
DA:14,0
DA:18,1
DA:19,1
DA:22,1
DA:27,1
DA:28,0
DA:29,0
DA:32,1
DA:33,1
DA:36,1
DA:37,1
DA:40,1
DA:41,1
DA:45,1
DA:51,1
DA:52,0
DA:55,1
DA:56,1
DA:58,1
DA:67,1
DA:70,1
DA:79,1
DA:81,1
DA:82,1
DA:84,1
DA:91,1
DA:92,1
DA:102,0
DA:103,0
DA:104,0
DA:106,0
DA:107,0
DA:108,0
DA:112,0
DA:113,0
DA:119,0
DA:122,0
DA:124,0
DA:126,0
DA:127,0
DA:132,12
DA:133,12
DA:134,12
DA:135,12
DA:137,12
DA:138,0
DA:139,0
DA:143,12
DA:144,12
DA:145,12
DA:147,12
DA:149,12
DA:150,8
DA:151,8
DA:153,8
DA:154,27
DA:161,27
DA:162,18
DA:163,9
DA:164,9
DA:168,4
DA:169,4
DA:172,4
DA:179,4
DA:180,2
DA:181,2
DA:184,2
DA:185,2
DA:187,2
DA:188,6
DA:189,6
DA:193,2
DA:195,2
DA:196,2
DA:197,2
DA:202,2
DA:203,1
DA:204,1
DA:207,1
DA:211,1
DA:212,0
DA:213,0
DA:214,0
DA:218,0
DA:220,0
DA:221,0
DA:231,0
DA:232,0
DA:233,0
DA:235,0
DA:236,0
DA:241,0
DA:242,0
DA:245,0
DA:246,0
DA:248,0
DA:249,0
DA:254,1
DA:255,0
DA:256,0
DA:257,0
DA:261,0
DA:263,0
DA:264,0
DA:273,0
DA:274,0
DA:275,0
DA:277,0
DA:278,0
DA:283,0
DA:284,0
DA:287,0
DA:288,0
DA:290,0
DA:291,0
DA:296,1
DA:297,1
DA:298,1
DA:301,1
DA:302,1
DA:305,1
DA:310,1
DA:312,1
DA:319,0
DA:320,0
DA:325,0
DA:326,0
DA:328,0
DA:329,0
DA:330,0
DA:333,0
DA:338,0
DA:339,0
DA:340,0
DA:343,0
DA:345,0
DA:346,0
DA:351,0
DA:352,0
DA:354,0
DA:355,0
DA:356,0
DA:359,0
DA:364,0
DA:365,0
DA:366,0
DA:369,0
DA:371,0
DA:372,0
LF:155
LH:75
BRDA:12,0,0,0
BRDA:12,0,1,1
BRDA:27,1,0,0
BRDA:27,1,1,1
BRDA:41,2,0,0
BRDA:41,2,1,1
BRDA:51,3,0,0
BRDA:51,3,1,1
BRDA:63,4,0,1
BRDA:63,4,1,1
BRDA:64,5,0,1
BRDA:64,5,1,0
BRDA:73,6,0,1
BRDA:73,6,1,0
BRDA:106,7,0,0
BRDA:106,7,1,0
BRDA:119,8,0,0
BRDA:119,8,1,0
BRDA:119,8,2,0
BRDA:119,8,3,0
BRDA:137,9,0,0
BRDA:137,9,1,12
BRDA:137,10,0,12
BRDA:137,10,1,12
BRDA:143,11,0,12
BRDA:143,11,1,0
BRDA:149,12,0,8
BRDA:149,12,1,4
BRDA:161,13,0,18
BRDA:161,13,1,9
BRDA:163,14,0,9
BRDA:163,14,1,0
BRDA:163,15,0,9
BRDA:163,15,1,3
BRDA:174,16,0,0
BRDA:174,16,1,4
BRDA:175,17,0,0
BRDA:175,17,1,4
BRDA:179,18,0,2
BRDA:179,18,1,2
BRDA:179,19,0,4
BRDA:179,19,1,2
BRDA:188,20,0,6
BRDA:188,20,1,0
BRDA:188,21,0,6
BRDA:188,21,1,6
BRDA:195,22,0,2
BRDA:195,22,1,0
BRDA:202,23,0,1
BRDA:202,23,1,1
BRDA:202,24,0,2
BRDA:202,24,1,1
BRDA:211,25,0,0
BRDA:211,25,1,1
BRDA:214,26,0,0
BRDA:214,26,1,0
BRDA:231,27,0,0
BRDA:231,27,1,0
BRDA:254,28,0,0
BRDA:254,28,1,1
BRDA:257,29,0,0
BRDA:257,29,1,0
BRDA:273,30,0,0
BRDA:273,30,1,0
BRDA:328,31,0,0
BRDA:328,31,1,0
BRDA:354,32,0,0
BRDA:354,32,1,0
BRF:68
BRH:35
end_of_record
TN:
SF:src/routes/profile.js
FN:11,profileRoutes
FN:13,(anonymous_1)
FN:33,(anonymous_2)
FN:71,(anonymous_3)
FN:104,(anonymous_4)
FNF:5
FNH:3
FNDA:5,profileRoutes
FNDA:15,(anonymous_1)
FNDA:3,(anonymous_2)
FNDA:0,(anonymous_3)
FNDA:0,(anonymous_4)
DA:9,3
DA:13,5
DA:14,15
DA:15,15
DA:18,15
DA:20,15
DA:24,5
DA:27,5
DA:30,5
DA:34,3
DA:35,3
DA:36,3
DA:38,3
DA:39,1
DA:40,1
DA:44,2
DA:45,2
DA:51,1
DA:54,1
DA:56,1
DA:58,1
DA:59,1
DA:66,5
DA:72,0
DA:73,0
DA:74,0
DA:76,0
DA:77,0
DA:78,0
DA:82,0
DA:83,0
DA:84,0
DA:85,0
DA:89,0
DA:90,0
DA:92,0
DA:93,0
DA:99,5
DA:105,0
DA:106,0
DA:107,0
DA:109,0
DA:110,0
DA:111,0
DA:115,0
DA:116,0
DA:117,0
DA:118,0
DA:122,0
DA:123,0
DA:125,0
DA:126,0
LF:52
LH:24
BRDA:13,0,0,10
BRDA:38,1,0,1
BRDA:38,1,1,2
BRDA:51,2,0,1
BRDA:51,2,1,0
BRDA:51,2,2,0
BRDA:51,2,3,0
BRDA:76,3,0,0
BRDA:76,3,1,0
BRDA:83,4,0,0
BRDA:83,4,1,0
BRDA:109,5,0,0
BRDA:109,5,1,0
BRDA:116,6,0,0
BRDA:116,6,1,0
BRF:15
BRH:4
end_of_record
TN:
SF:src/utils/logger.js
FN:3,getCircularReplacer
FN:5,(anonymous_1)
FN:16,sanitizeLogData
FN:26,(anonymous_3)
FN:34,(anonymous_4)
FN:44,createCustomLogger
FN:51,(anonymous_6)
FN:83,getLogger
FNF:8
FNH:8
FNDA:73,getCircularReplacer
FNDA:329,(anonymous_1)
FNDA:105,sanitizeLogData
FNDA:1,(anonymous_3)
FNDA:1275,(anonymous_4)
FNDA:39,createCustomLogger
FNDA:87,(anonymous_6)
FNDA:9,getLogger
DA:4,73
DA:5,73
DA:6,329
DA:7,91
DA:8,0
DA:10,91
DA:12,329
DA:18,105
DA:19,0
DA:22,105
DA:25,105
DA:26,2
DA:30,103
DA:31,103
DA:32,255
DA:34,1275
DA:35,0
DA:36,255
DA:37,17
DA:41,103
DA:45,39
DA:52,87
DA:53,87
DA:54,87
DA:57,87
DA:59,0
DA:72,3
DA:84,9
DA:87,3
DA:88,3
DA:89,3
LF:31
LH:27
BRDA:6,0,0,91
BRDA:6,0,1,238
BRDA:6,1,0,329
BRDA:6,1,1,91
BRDA:7,2,0,0
BRDA:7,2,1,91
BRDA:16,3,0,87
BRDA:18,4,0,0
BRDA:18,4,1,105
BRDA:18,5,0,105
BRDA:18,5,1,105
BRDA:18,5,2,105
BRDA:25,6,0,2
BRDA:25,6,1,103
BRDA:32,7,0,0
BRDA:32,7,1,255
BRDA:34,8,0,0
BRDA:34,8,1,255
BRDA:36,9,0,17
BRDA:36,9,1,238
BRDA:36,10,0,255
BRDA:36,10,1,17
BRDA:46,11,0,39
BRDA:46,11,1,39
BRDA:54,12,0,73
BRDA:54,12,1,14
BRDA:84,13,0,9
BRDA:84,13,1,9
BRF:28
BRH:24
end_of_record
TN:
SF:src/utils/userUtils.js
FN:8,normalizeBasicUserData
FN:28,normalizeUserData
FN:43,prepareUserDataForClient
FN:64,prepareUserDataForStorage
FNF:4
FNH:2
FNDA:1,normalizeBasicUserData
FNDA:1,normalizeUserData
FNDA:0,prepareUserDataForClient
FNDA:0,prepareUserDataForStorage
DA:3,3
DA:6,3
DA:9,1
DA:11,1
DA:12,1
DA:23,0
DA:24,0
DA:29,1
DA:30,1
DA:32,1
DA:33,1
DA:38,0
DA:39,0
DA:44,0
DA:45,0
DA:47,0
DA:48,0
DA:53,0
DA:54,0
DA:57,0
DA:59,0
DA:60,0
DA:65,0
DA:66,0
DA:67,0
DA:70,0
DA:71,0
DA:72,0
DA:78,0
DA:79,0
LF:30
LH:9
BRDA:9,0,0,0
BRDA:9,0,1,1
BRDA:13,1,0,1
BRDA:13,1,1,0
BRDA:14,2,0,1
BRDA:14,2,1,1
BRDA:15,3,0,1
BRDA:15,3,1,1
BRDA:15,3,2,1
BRDA:16,4,0,1
BRDA:16,4,1,1
BRDA:16,4,2,1
BRDA:16,4,3,1
BRDA:17,5,0,1
BRDA:17,5,1,1
BRDA:18,6,0,1
BRDA:18,6,1,1
BRDA:19,7,0,1
BRDA:19,7,1,1
BRDA:28,8,0,1
BRDA:30,9,0,0
BRDA:30,9,1,1
BRDA:35,10,0,1
BRDA:35,10,1,1
BRDA:43,11,0,0
BRDA:45,12,0,0
BRDA:45,12,1,0
BRDA:53,13,0,0
BRDA:53,13,1,0
BRDA:53,14,0,0
BRDA:53,14,1,0
BRDA:66,15,0,0
BRDA:66,15,1,0
BRDA:74,16,0,0
BRDA:74,16,1,0
BRF:35
BRH:21
end_of_record
